2025-04-23 16:00:25 - Added student: 1 Palak CSE 9.70
2025-04-23 16:14:22 - Deleted student with Roll No: 1
2025-04-23 16:16:56 - Deleted student with Roll No: 1
2025-04-23 18:43:29 - Deleted student with Roll No: 1
2025-04-23 18:46:40 - Added student: 1 Palak CSE 9.70
2025-04-23 18:46:55 - Added student: 2 Yudhish ECE 9.60
2025-04-23 18:47:12 - Modified student: 2
2025-04-23 18:50:43 - Added student: 3 Karan CSE 9.42
2025-04-23 18:50:56 - Assigned Adobe to Roll No. 3
2025-04-23 18:51:14 - Modified student: 3
2025-04-23 19:00:23 - Modified student: 3
2025-04-24 11:00:08 - Added student: 2310991168 Ronak Oberoi CSE 8.5
2025-04-24 11:01:06 - Modified student: 2310991168
2025-04-24 11:01:20 - Deleted student with Roll No: 2310991168
2025-05-07 06:57:35 - Added student: 4 Sanpreet CSE 9.1
2025-05-09 13:00:30 - Added student: 5 Sadhya Sharma CSE 8.72
2025-05-09 13:01:11 - Deleted student with Roll No: 3
2025-05-09 13:01:41 - Modified student: 4
2025-05-09 13:01:54 - Modified student: 4
2025-05-09 13:02:24 - Assigned Abode to Roll No. 4
